


ARM Macro Assembler    Page 1 


    1 00000000         ;****************** main.s ***************
    2 00000000         ; Program written by: ***Masaad Khan and **update this**
                       *
    3 00000000         ; Date Created: 2/14/2020
    4 00000000         ; Last Modified: 1/17/2020
    5 00000000         ; Brief description of the program
    6 00000000         ;   The LED toggles at 2 Hz and a varying duty-cycle
    7 00000000         ; Hardware connections (External: One button and one LED
                       )
    8 00000000         ;  PE1 is Button input  (1 means pressed, 0 means not pr
                       essed)
    9 00000000         ;  PE2 is LED output (1 activates external LED on protob
                       oard)
   10 00000000         ;  PF4 is builtin button SW1 on Launchpad (Internal) 
   11 00000000         ;        Negative Logic (0 means pressed, 1 means not pr
                       essed)
   12 00000000         ; Overall functionality of this system is to operate lik
                       e this
   13 00000000         ;   1) Make PE2 an output and make PE1 and PF4 inputs.
   14 00000000         ; 
   15 00000000         ;   2) The system starts with the the LED toggling at 2H
                       z,
   16 00000000         ;      which is 2 times per second with a duty-cycle of 
                       30%.
   17 00000000         ;      Therefore, the LED is ON for 150ms and off for 35
                       0 ms.
   18 00000000         ;   3) When the button (PE1) is pressed-and-released inc
                       rease
   19 00000000         ;      the duty cycle by 20% (modulo 100%). Therefore fo
                       r each
   20 00000000         ;      press-and-release the duty cycle changes from 30%
                        to 70% to 70%
   21 00000000         ;      to 90% to 10% to 30% so on
   22 00000000         ;   4) Implement a "breathing LED" when SW1 (PF4) on the
                        Launchpad is pressed:
   23 00000000         ;      a) Be creative and play around with what "breathi
                       ng" means.
   24 00000000         ;         An example of "breathing" is most computers po
                       wer LED in sleep mode
   25 00000000         ;         (e.g., https://www.youtube.com/watch?v=ZT6siXy
                       IjvQ).
   26 00000000         ;      b) When (PF4) is released while in breathing mode
                       , resume blinking at 2Hz.
   27 00000000         ;         The duty cycle can either match the most recen
                       t duty-
   28 00000000         ;         cycle or reset to 30%.
   29 00000000         ;      TIP: debugging the breathing LED algorithm using 
                       the real board.
   30 00000000         ; PortE device registers
   31 00000000 400243FC 
                       GPIO_PORTE_DATA_R
                               EQU              0x400243FC
   32 00000000 40024400 
                       GPIO_PORTE_DIR_R
                               EQU              0x40024400
   33 00000000 40024420 
                       GPIO_PORTE_AFSEL_R
                               EQU              0x40024420
   34 00000000 4002451C 



ARM Macro Assembler    Page 2 


                       GPIO_PORTE_DEN_R
                               EQU              0x4002451C
   35 00000000         ; PortF device registers
   36 00000000 400253FC 
                       GPIO_PORTF_DATA_R
                               EQU              0x400253FC
   37 00000000 40025400 
                       GPIO_PORTF_DIR_R
                               EQU              0x40025400
   38 00000000 40025420 
                       GPIO_PORTF_AFSEL_R
                               EQU              0x40025420
   39 00000000 40025510 
                       GPIO_PORTF_PUR_R
                               EQU              0x40025510
   40 00000000 4002551C 
                       GPIO_PORTF_DEN_R
                               EQU              0x4002551C
   41 00000000 40025520 
                       GPIO_PORTF_LOCK_R
                               EQU              0x40025520
   42 00000000 40025524 
                       GPIO_PORTF_CR_R
                               EQU              0x40025524
   43 00000000 4C4F434B 
                       GPIO_LOCK_KEY
                               EQU              0x4C4F434B  ; Unlocks the GPIO_
                                                            CR register
   44 00000000 400FE608 
                       SYSCTL_RCGCGPIO_R
                               EQU              0x400FE608
   45 00000000         
   46 00000000                 IMPORT           TExaS_Init
   47 00000000                 THUMB
   48 00000000                 AREA             DATA, ALIGN=2
   49 00000000         ;global variables go here 
   50 00000000         
   51 00000000                 AREA             |.text|, CODE, READONLY, ALIGN=
2
   52 00000000                 THUMB
   53 00000000                 EXPORT           Start
   54 00000000         
   55 00000000 BF00    delay   NOP
   56 00000002 1E49    dloop   SUBS             R1, R1, #1
   57 00000004 D1FD            BNE              dloop
   58 00000006 4770            BX               LR
   59 00000008         NegReg
   60 00000008 F8DF 9134       LDR              R9, =-1000
   61 0000000C E00D            B                come
   62 0000000E         PosReg
   63 0000000E F44F 797A       LDR              R9, =1000
   64 00000012 F005 0500       AND              R5, R5, #0
   65 00000016 E008            B                come
   66 00000018         
   67 00000018         dloop2p
   68 00000018 F105 0501       ADD              R5, R5, #1
   69 0000001C D10A            BNE              dloop2
   70 0000001E 4770            BX               LR
   71 00000020         ondelay



ARM Macro Assembler    Page 3 


   72 00000020 45B8            CMP              R8, R7
   73 00000022 DAF1            BGE              NegReg
   74 00000024 F5B8 7F7A       CMP              R8, #1000
   75 00000028 DDF1            BLE              PosReg
   76 0000002A EB18 0809 
                       come    ADDS             R8, R9
   77 0000002E EB15 0508       ADDS             R5, R8
   78 00000032 1B7E            SUBS             R6, R7, R5
   79 00000034         dloop2
   80 00000034 2D00            CMP              R5, #0
   81 00000036 DDEF            BLE              dloop2p
   82 00000038 1E6D            SUBS             R5, R5, #1
   83 0000003A D1FB            BNE              dloop2
   84 0000003C 4770            BX               LR
   85 0000003E         offdelay
   86 0000003E 2E00            CMP              R6, #0
   87 00000040 D001            BEQ              equal
   88 00000042 1E76            SUBS             R6, R6, #1
   89 00000044 D1FB            BNE              offdelay
   90 00000046         equal
   91 00000046 4770            BX               LR
   92 00000048         
   93 00000048         LEDON
   94 00000048 483E            LDR              R0, =GPIO_PORTE_DATA_R
   95 0000004A 6801            LDR              R1, [R0]
   96 0000004C F041 0104       ORR              R1, #0x4
   97 00000050 6001            STR              R1, [R0]
   98 00000052 4770            BX               LR
   99 00000054         
  100 00000054 483B    LEDOFF  LDR              R0, =GPIO_PORTE_DATA_R
  101 00000056 6801            LDR              R1, [R0]
  102 00000058 F021 0104       BIC              R1, #0x4
  103 0000005C 6001            STR              R1, [R0]
  104 0000005E 4770            BX               LR
  105 00000060         
  106 00000060         Checkswitch
  107 00000060 4838            LDR              R0, =GPIO_PORTE_DATA_R
  108 00000062 6801            LDR              R1, [R0]
  109 00000064 F001 0202       AND              R2, R1, #0x2
  110 00000068 2A00            CMP              R2, #0x0
  111 0000006A D00C            BEQ              leave
  112 0000006C 4C36            LDR              R4, =2000000
  113 0000006E 4423            ADD              R3, R4
  114 00000070 4D36            LDR              R5, =11000000
  115 00000072 1AED            SUBS             R5, R3
  116 00000074 2D00            CMP              R5, #0
  117 00000076 D100            BNE              Checkloop
  118 00000078 4B35            LDR              R3, =1000000
  119 0000007A         Checkloop
  120 0000007A 4832            LDR              R0, =GPIO_PORTE_DATA_R
  121 0000007C 6801            LDR              R1, [R0]
  122 0000007E F001 0202       AND              R2, R1, #0x2
  123 00000082 2A02            CMP              R2, #0x2
  124 00000084 D0F9            BEQ              Checkloop
  125 00000086         leave
  126 00000086 4770            BX               LR
  127 00000088         
  128 00000088         Checkswitch2
  129 00000088 F04F 0500       LDR              R5, =0      ; This will be on d



ARM Macro Assembler    Page 4 


                                                            elay
  130 0000008C         again
  131 0000008C 4831            LDR              R0, =GPIO_PORTF_DATA_R
  132 0000008E 6801            LDR              R1, [R0]
  133 00000090 F001 0210       AND              R2, R1, #0x10
  134 00000094 2A10            CMP              R2, #0x10
  135 00000096 D0F6            BEQ              leave
  136 00000098 46F2            MOV              R10, R14
  137 0000009A F7FF FFD5       BL               LEDON
  138 0000009E F7FF FFBF       BL               ondelay
  139 000000A2 F7FF FFD7       BL               LEDOFF
  140 000000A6 F7FF FFCA       BL               offdelay
  141 000000AA 46D6            MOV              R14, R10
  142 000000AC E7EE            B                again
  143 000000AE         
  144 000000AE         Start
  145 000000AE         ; TExaS_Init sets bus clock at 80 MHz
  146 000000AE F7FF FFFE       BL               TExaS_Init  ; voltmeter, scope 
                                                            on PD3
  147 000000B2         ; Initialization goes here
  148 000000B2 4829            LDR              R0, =SYSCTL_RCGCGPIO_R
  149 000000B4 7801            LDRB             R1, [R0]
  150 000000B6 F041 0130       ORR              R1, #0x30
  151 000000BA 7001            STRB             R1, [R0]
  152 000000BC BF00            NOP
  153 000000BE BF00            NOP
  154 000000C0 4826            LDR              R0, =GPIO_PORTF_LOCK_R
  155 000000C2 4927            LDR              R1, =GPIO_LOCK_KEY
  156 000000C4 6001            STR              R1, [R0]
  157 000000C6 4827            LDR              R0, =GPIO_PORTF_CR_R
  158 000000C8 6801            LDR              R1, [R0]
  159 000000CA F041 01FF       ORR              R1, #0xFF
  160 000000CE 6001            STR              R1, [R0]
  161 000000D0 4825            LDR              R0, =GPIO_PORTF_DIR_R
  162 000000D2 6801            LDR              R1, [R0]
  163 000000D4 F001 01FF       AND              R1, #0xFF
  164 000000D8 6001            STR              R1, [R0]
  165 000000DA 4824            LDR              R0, =GPIO_PORTF_DEN_R
  166 000000DC 6801            LDR              R1, [R0]
  167 000000DE F041 0110       ORR              R1, #0x10
  168 000000E2 6001            STR              R1, [R0]
  169 000000E4 4822            LDR              R0, =GPIO_PORTF_PUR_R
  170 000000E6 6801            LDR              R1, [R0]
  171 000000E8 F041 0110       ORR              R1, #0x10
  172 000000EC 6001            STR              R1, [R0]
  173 000000EE 4821            LDR              R0, =GPIO_PORTE_DIR_R
  174 000000F0 6801            LDR              R1, [R0]
  175 000000F2 F021 0102       BIC              R1, #0x2
  176 000000F6 F041 0104       ORR              R1, #0x4
  177 000000FA 6001            STR              R1, [R0]
  178 000000FC 481E            LDR              R0, =GPIO_PORTE_DEN_R
  179 000000FE 6801            LDR              R1, [R0]
  180 00000100 F041 0106       ORR              R1, #0x6
  181 00000104 6001            STR              R1, [R0]
  182 00000106 480F            LDR              R0, =GPIO_PORTE_DATA_R
  183 00000108 6801            LDR              R1, [R0]
  184 0000010A F041 0104       ORR              R1, #0x4
  185 0000010E 6001            STR              R1, [R0]
  186 00000110 4B1A            LDR              R3, =3000000 ;R3 holds the valu



ARM Macro Assembler    Page 5 


                                                            e of the duty cycle
                                                            , do not change
  187 00000112 4F1B            LDR              R7, =100000 ; Holds max value f
                                                            or breathe
  188 00000114 F44F 68FA       LDR              R8, =2000   ; Counter-ish
  189 00000118 F44F 797A       LDR              R9, =1000
  190 0000011C         
  191 0000011C         
  192 0000011C B662            CPSIE            I           ; TExaS voltmeter, 
                                                            scope runs on inter
                                                            rupts
  193 0000011E         loop
  194 0000011E         ; main engine goes here
  195 0000011E F7FF FF93       BL               LEDON
  196 00000122 4619            MOV              R1, R3
  197 00000124 F7FF FF6C       BL               delay
  198 00000128 F7FF FF94       BL               LEDOFF
  199 0000012C 4915            LDR              R1, =10000000
  200 0000012E EBA1 0103       SUB              R1, R3
  201 00000132 F7FF FF65       BL               delay
  202 00000136 F7FF FF93       BL               Checkswitch
  203 0000013A F7FF FFA5       BL               Checkswitch2
  204 0000013E E7EE            B                loop
  205 00000140         
  206 00000140                 ALIGN                        ; make sure the end
                                                             of this section is
                                                             aligned
  207 00000140                 END                          ; end of file
              FFFFFC18 
              400243FC 
              001E8480 
              00A7D8C0 
              000F4240 
              400253FC 
              400FE608 
              40025520 
              4C4F434B 
              40025524 
              40025400 
              4002551C 
              40025510 
              40024400 
              4002451C 
              002DC6C0 
              000186A0 
              00989680 
Command Line: --debug --xref --diag_suppress=9931 --cpu=Cortex-M4 --apcs=interw
ork --depend=.\main.d -o.\main.o -I.\RTE\_Lab3 -IC:\Users\Masaad\AppData\Local\
Arm\Packs\ARM\CMSIS\5.6.0\CMSIS\Core\Include -IC:\Users\Masaad\AppData\Local\Ar
m\Packs\Keil\TM4C_DFP\1.1.0\Device\Include\TM4C123 --predefine="__EVAL SETA 1" 
--predefine="__UVISION_VERSION SETA 529" --predefine="_RTE_ SETA 1" --predefine
="TM4C123GH6PM SETA 1" --list=.\main.lst main.s



ARM Macro Assembler    Page 1 Alphabetic symbol ordering
Relocatable symbols

DATA 00000000

Symbol: DATA
   Definitions
      At line 48 in file main.s
   Uses
      None
Comment: DATA unused
1 symbol



ARM Macro Assembler    Page 1 Alphabetic symbol ordering
Relocatable symbols

.text 00000000

Symbol: .text
   Definitions
      At line 51 in file main.s
   Uses
      None
Comment: .text unused
Checkloop 0000007A

Symbol: Checkloop
   Definitions
      At line 119 in file main.s
   Uses
      At line 117 in file main.s
      At line 124 in file main.s

Checkswitch 00000060

Symbol: Checkswitch
   Definitions
      At line 106 in file main.s
   Uses
      At line 202 in file main.s
Comment: Checkswitch used once
Checkswitch2 00000088

Symbol: Checkswitch2
   Definitions
      At line 128 in file main.s
   Uses
      At line 203 in file main.s
Comment: Checkswitch2 used once
LEDOFF 00000054

Symbol: LEDOFF
   Definitions
      At line 100 in file main.s
   Uses
      At line 139 in file main.s
      At line 198 in file main.s

LEDON 00000048

Symbol: LEDON
   Definitions
      At line 93 in file main.s
   Uses
      At line 137 in file main.s
      At line 195 in file main.s

NegReg 00000008

Symbol: NegReg
   Definitions
      At line 59 in file main.s
   Uses
      At line 73 in file main.s
Comment: NegReg used once



ARM Macro Assembler    Page 2 Alphabetic symbol ordering
Relocatable symbols

PosReg 0000000E

Symbol: PosReg
   Definitions
      At line 62 in file main.s
   Uses
      At line 75 in file main.s
Comment: PosReg used once
Start 000000AE

Symbol: Start
   Definitions
      At line 144 in file main.s
   Uses
      At line 53 in file main.s
Comment: Start used once
again 0000008C

Symbol: again
   Definitions
      At line 130 in file main.s
   Uses
      At line 142 in file main.s
Comment: again used once
come 0000002A

Symbol: come
   Definitions
      At line 76 in file main.s
   Uses
      At line 61 in file main.s
      At line 65 in file main.s

delay 00000000

Symbol: delay
   Definitions
      At line 55 in file main.s
   Uses
      At line 197 in file main.s
      At line 201 in file main.s

dloop 00000002

Symbol: dloop
   Definitions
      At line 56 in file main.s
   Uses
      At line 57 in file main.s
Comment: dloop used once
dloop2 00000034

Symbol: dloop2
   Definitions
      At line 79 in file main.s
   Uses
      At line 69 in file main.s
      At line 83 in file main.s




ARM Macro Assembler    Page 3 Alphabetic symbol ordering
Relocatable symbols

dloop2p 00000018

Symbol: dloop2p
   Definitions
      At line 67 in file main.s
   Uses
      At line 81 in file main.s
Comment: dloop2p used once
equal 00000046

Symbol: equal
   Definitions
      At line 90 in file main.s
   Uses
      At line 87 in file main.s
Comment: equal used once
leave 00000086

Symbol: leave
   Definitions
      At line 125 in file main.s
   Uses
      At line 111 in file main.s
      At line 135 in file main.s

loop 0000011E

Symbol: loop
   Definitions
      At line 193 in file main.s
   Uses
      At line 204 in file main.s
Comment: loop used once
offdelay 0000003E

Symbol: offdelay
   Definitions
      At line 85 in file main.s
   Uses
      At line 89 in file main.s
      At line 140 in file main.s

ondelay 00000020

Symbol: ondelay
   Definitions
      At line 71 in file main.s
   Uses
      At line 138 in file main.s
Comment: ondelay used once
20 symbols



ARM Macro Assembler    Page 1 Alphabetic symbol ordering
Absolute symbols

GPIO_LOCK_KEY 4C4F434B

Symbol: GPIO_LOCK_KEY
   Definitions
      At line 43 in file main.s
   Uses
      At line 155 in file main.s
Comment: GPIO_LOCK_KEY used once
GPIO_PORTE_AFSEL_R 40024420

Symbol: GPIO_PORTE_AFSEL_R
   Definitions
      At line 33 in file main.s
   Uses
      None
Comment: GPIO_PORTE_AFSEL_R unused
GPIO_PORTE_DATA_R 400243FC

Symbol: GPIO_PORTE_DATA_R
   Definitions
      At line 31 in file main.s
   Uses
      At line 94 in file main.s
      At line 100 in file main.s
      At line 107 in file main.s
      At line 120 in file main.s
      At line 182 in file main.s

GPIO_PORTE_DEN_R 4002451C

Symbol: GPIO_PORTE_DEN_R
   Definitions
      At line 34 in file main.s
   Uses
      At line 178 in file main.s
Comment: GPIO_PORTE_DEN_R used once
GPIO_PORTE_DIR_R 40024400

Symbol: GPIO_PORTE_DIR_R
   Definitions
      At line 32 in file main.s
   Uses
      At line 173 in file main.s
Comment: GPIO_PORTE_DIR_R used once
GPIO_PORTF_AFSEL_R 40025420

Symbol: GPIO_PORTF_AFSEL_R
   Definitions
      At line 38 in file main.s
   Uses
      None
Comment: GPIO_PORTF_AFSEL_R unused
GPIO_PORTF_CR_R 40025524

Symbol: GPIO_PORTF_CR_R
   Definitions
      At line 42 in file main.s
   Uses
      At line 157 in file main.s



ARM Macro Assembler    Page 2 Alphabetic symbol ordering
Absolute symbols

Comment: GPIO_PORTF_CR_R used once
GPIO_PORTF_DATA_R 400253FC

Symbol: GPIO_PORTF_DATA_R
   Definitions
      At line 36 in file main.s
   Uses
      At line 131 in file main.s
Comment: GPIO_PORTF_DATA_R used once
GPIO_PORTF_DEN_R 4002551C

Symbol: GPIO_PORTF_DEN_R
   Definitions
      At line 40 in file main.s
   Uses
      At line 165 in file main.s
Comment: GPIO_PORTF_DEN_R used once
GPIO_PORTF_DIR_R 40025400

Symbol: GPIO_PORTF_DIR_R
   Definitions
      At line 37 in file main.s
   Uses
      At line 161 in file main.s
Comment: GPIO_PORTF_DIR_R used once
GPIO_PORTF_LOCK_R 40025520

Symbol: GPIO_PORTF_LOCK_R
   Definitions
      At line 41 in file main.s
   Uses
      At line 154 in file main.s
Comment: GPIO_PORTF_LOCK_R used once
GPIO_PORTF_PUR_R 40025510

Symbol: GPIO_PORTF_PUR_R
   Definitions
      At line 39 in file main.s
   Uses
      At line 169 in file main.s
Comment: GPIO_PORTF_PUR_R used once
SYSCTL_RCGCGPIO_R 400FE608

Symbol: SYSCTL_RCGCGPIO_R
   Definitions
      At line 44 in file main.s
   Uses
      At line 148 in file main.s
Comment: SYSCTL_RCGCGPIO_R used once
13 symbols



ARM Macro Assembler    Page 1 Alphabetic symbol ordering
External symbols

TExaS_Init 00000000

Symbol: TExaS_Init
   Definitions
      At line 46 in file main.s
   Uses
      At line 146 in file main.s
Comment: TExaS_Init used once
1 symbol
371 symbols in table
