


ARM Macro Assembler    Page 1 


    1 00000000         ; Print.s
    2 00000000         ; Student names: change this to your names or look very 
                       silly
    3 00000000         ; Last modification date: change this to the last modifi
                       cation date or look very silly
    4 00000000         ; Runs on LM4F120 or TM4C123
    5 00000000         ; EE319K lab 7 device driver for any LCD
    6 00000000         ;
    7 00000000         ; As part of Lab 7, students need to implement these LCD
                       _OutDec and LCD_OutFix
    8 00000000         ; This driver assumes two low-level LCD functions
    9 00000000         ; ST7735_OutChar   outputs a single 8-bit ASCII characte
                       r
   10 00000000         ; ST7735_OutString outputs a null-terminated string 
   11 00000000         
   12 00000000                 IMPORT           ST7735_OutChar
   13 00000000                 IMPORT           ST7735_OutString
   14 00000000                 EXPORT           LCD_OutDec
   15 00000000                 EXPORT           LCD_OutFix
   16 00000000                 AREA             |.text|, CODE, READONLY, ALIGN=
2
   17 00000000                 THUMB
   18 00000000         
   19 00000000         
   20 00000000         
   21 00000000         ;-----------------------LCD_OutDec----------------------
                       -
   22 00000000         ; Output a 32-bit number in unsigned decimal format
   23 00000000         ; Input: R0 (call by value) 32-bit unsigned number
   24 00000000         ; Output: none
   25 00000000         ; Invariables: This function must not permanently modify
                        registers R4 to R11
   26 00000000         ; Lab 7 requirement is for at least one local variable o
                       n the stack with symbolic binding
   27 00000000         LCD_OutDec
   28 00000000 2809            CMP              R0, #9
   29 00000002 D807            BHI              notEnd
   30 00000004 F100 0030       ADD              R0, R0, #48
   31 00000008 B504            PUSH             {R2, LR}
   32 0000000A F7FF FFFE       BL               ST7735_OutChar
   33 0000000E E8BD 4004       POP              {R2, LR}
   34 00000012 4770            BX               LR
   35 00000014         notEnd
   36 00000014 F04F 020A       MOV              R2, #10
   37 00000018 4601            MOV              R1, R0
   38 0000001A FBB0 F0F2       UDIV             R0, R0, R2
   39 0000001E FB02 F200       MUL              R2, R2, R0
   40 00000022 EBA1 0102       SUB              R1, R1, R2
   41 00000026 B082            SUB              SP, SP, #8
   42 00000028 9100            STR              R1, [SP, #0]
   43 0000002A B504            PUSH             {R2, LR}
   44 0000002C F7FF FFFE       BL               LCD_OutDec
   45 00000030 E8BD 4004       POP              {R2, LR}
   46 00000034 9900            LDR              R1, [SP, #0]
   47 00000036 B002            ADD              SP, SP, #8
   48 00000038 4608            MOV              R0, R1
   49 0000003A F100 0030       ADD              R0, R0, #48
   50 0000003E B504            PUSH             {R2, LR}
   51 00000040 F7FF FFFE       BL               ST7735_OutChar



ARM Macro Assembler    Page 2 


   52 00000044 E8BD 4004       POP              {R2, LR}
   53 00000048 4770            BX               LR
   54 0000004A         ;* * * * * * * * End of LCD_OutDec * * * * * * * *
   55 0000004A         
   56 0000004A         ; -----------------------LCD _OutFix--------------------
                       --
   57 0000004A         ; Output characters to LCD display in fixed-point format
                       
   58 0000004A         ; unsigned decimal, resolution 0.01, range 0.00 to 9.99
   59 0000004A         ; Inputs:  R0 is an unsigned 32-bit number
   60 0000004A         ; Outputs: none
   61 0000004A         ; E.g., R0=0,    then output "0.00 "
   62 0000004A         ;       R0=3,    then output "0.03 "
   63 0000004A         ;       R0=89,   then output "0.89 "
   64 0000004A         ;       R0=123,  then output "1.23 "
   65 0000004A         ;       R0=999,  then output "9.99 "
   66 0000004A         ;       R0>999,  then output "*.** "
   67 0000004A         ; Invariables: This function must not permanently modify
                        registers R4 to R11
   68 0000004A         ; Lab 7 requirement is for at least one local variable o
                       n the stack with symbolic binding
   69 0000004A         LCD_OutFix
   70 0000004A F240 32E7       LDR              R2, =999
   71 0000004E 4290            CMP              R0, R2
   72 00000050 D83B            BHI              Invalid
   73 00000052 2864            CMP              R0, #100
   74 00000054 D33A            BLO              smaller
   75 00000056 4601            MOV              R1, R0
   76 00000058 F04F 0264       MOV              R2, #100
   77 0000005C FBB1 F0F2       UDIV             R0, R1, R2
   78 00000060         
   79 00000060 B084            SUB              SP, SP, #16
   80 00000062 9000            STR              R0, [SP, #0]
   81 00000064 9102            STR              R1, [SP, #8]
   82 00000066 F100 0030       ADD              R0, R0, #48
   83 0000006A B504            PUSH             {R2, LR}
   84 0000006C F7FF FFFE       BL               ST7735_OutChar
   85 00000070 F04F 002E       MOV              R0, #0x2E
   86 00000074 F7FF FFFE       BL               ST7735_OutChar
   87 00000078         
   88 00000078 E8BD 4004       POP              {R2, LR}
   89 0000007C 9800            LDR              R0, [SP, #0]
   90 0000007E 9902            LDR              R1, [SP, #8]
   91 00000080         
   92 00000080 FB00 F202       MUL              R2, R0, R2
   93 00000084 EBA1 0002       SUB              R0, R1, R2
   94 00000088 4601            MOV              R1, R0
   95 0000008A F04F 020A       MOV              R2, #10
   96 0000008E FBB1 F0F2       UDIV             R0, R1, R2
   97 00000092         
   98 00000092 9000            STR              R0, [SP, #0]
   99 00000094 9102            STR              R1, [SP, #8]
  100 00000096         
  101 00000096 F100 0030       ADD              R0, R0, #48
  102 0000009A B504            PUSH             {R2, LR}
  103 0000009C F7FF FFFE       BL               ST7735_OutChar
  104 000000A0 E8BD 4004       POP              {R2, LR}
  105 000000A4 9800            LDR              R0, [SP, #0]
  106 000000A6 9902            LDR              R1, [SP, #8]



ARM Macro Assembler    Page 3 


  107 000000A8         
  108 000000A8 FB00 F202       MUL              R2, R0, R2
  109 000000AC EBA1 0002       SUB              R0, R1, R2
  110 000000B0         
  111 000000B0 9000            STR              R0, [SP, #0]
  112 000000B2 9102            STR              R1, [SP, #8]
  113 000000B4         
  114 000000B4 F100 0030       ADD              R0, R0, #48
  115 000000B8 B504            PUSH             {R2, LR}
  116 000000BA F7FF FFFE       BL               ST7735_OutChar
  117 000000BE E8BD 4004       POP              {R2, LR}
  118 000000C2 9800            LDR              R0, [SP, #0]
  119 000000C4 9902            LDR              R1, [SP, #8]
  120 000000C6         
  121 000000C6 B004            ADD              SP, SP, #16
  122 000000C8 4770            BX               LR
  123 000000CA         Invalid
  124 000000CA E048            B                invalid
  125 000000CC         smaller
  126 000000CC B084            SUB              SP, SP, #16
  127 000000CE 9000            STR              R0, [SP, #0]
  128 000000D0 9102            STR              R1, [SP, #8]
  129 000000D2 F04F 0030       MOV              R0, #0x30
  130 000000D6 B504            PUSH             {R2, LR}
  131 000000D8 F7FF FFFE       BL               ST7735_OutChar
  132 000000DC F04F 002E       MOV              R0, #0x2E
  133 000000E0 F7FF FFFE       BL               ST7735_OutChar
  134 000000E4         
  135 000000E4 E8BD 4004       POP              {R2, LR}
  136 000000E8 9800            LDR              R0, [SP, #0]
  137 000000EA 9902            LDR              R1, [SP, #8]
  138 000000EC         
  139 000000EC F04F 020A       MOV              R2, #10
  140 000000F0 4601            MOV              R1, R0
  141 000000F2 FBB1 F0F2       UDIV             R0, R1, R2
  142 000000F6         
  143 000000F6 9000            STR              R0, [SP, #0]
  144 000000F8 9102            STR              R1, [SP, #8]
  145 000000FA         
  146 000000FA F100 0030       ADD              R0, R0, #48
  147 000000FE B504            PUSH             {R2, LR}
  148 00000100 F7FF FFFE       BL               ST7735_OutChar
  149 00000104 E8BD 4004       POP              {R2, LR}
  150 00000108 9800            LDR              R0, [SP, #0]
  151 0000010A 9902            LDR              R1, [SP, #8]
  152 0000010C         
  153 0000010C FB00 F202       MUL              R2, R0, R2
  154 00000110 EBA1 0002       SUB              R0, R1, R2
  155 00000114         
  156 00000114 9000            STR              R0, [SP, #0]
  157 00000116 9102            STR              R1, [SP, #8]
  158 00000118         
  159 00000118 F100 0030       ADD              R0, R0, #48
  160 0000011C B504            PUSH             {R2, LR}
  161 0000011E F7FF FFFE       BL               ST7735_OutChar
  162 00000122 E8BD 4004       POP              {R2, LR}
  163 00000126 9800            LDR              R0, [SP, #0]
  164 00000128 9902            LDR              R1, [SP, #8]
  165 0000012A         



ARM Macro Assembler    Page 4 


  166 0000012A B004            ADD              SP, SP, #16
  167 0000012C 4770            BX               LR
  168 0000012E         singledigit
  169 0000012E B082            SUB              SP, SP, #8
  170 00000130 9000            STR              R0, [SP, #0]
  171 00000132 F04F 0030       MOV              R0, #0x30
  172 00000136 B504            PUSH             {R2, LR}
  173 00000138 F7FF FFFE       BL               ST7735_OutChar
  174 0000013C F04F 002E       MOV              R0, #0x2E
  175 00000140 F7FF FFFE       BL               ST7735_OutChar
  176 00000144 F04F 0030       MOV              R0, #0x30
  177 00000148 F7FF FFFE       BL               ST7735_OutChar
  178 0000014C 9800            LDR              R0, [SP, #0]
  179 0000014E F100 0030       ADD              R0, R0, #48
  180 00000152 F7FF FFFE       BL               ST7735_OutChar
  181 00000156 E8BD 4004       POP              {R2, LR}
  182 0000015A         
  183 0000015A B002            ADD              SP, SP, #8
  184 0000015C 4770            BX               LR
  185 0000015E         invalid
  186 0000015E F04F 002A       MOV              R0, #0x2A
  187 00000162 B504            PUSH             {R2, LR}
  188 00000164 F7FF FFFE       BL               ST7735_OutChar
  189 00000168 E8BD 4004       POP              {R2, LR}
  190 0000016C F04F 002E       MOV              R0, #0x2E
  191 00000170 B504            PUSH             {R2, LR}
  192 00000172 F7FF FFFE       BL               ST7735_OutChar
  193 00000176 E8BD 4004       POP              {R2, LR}
  194 0000017A F04F 002A       MOV              R0, #0x2A
  195 0000017E B504            PUSH             {R2, LR}
  196 00000180 F7FF FFFE       BL               ST7735_OutChar
  197 00000184 E8BD 4004       POP              {R2, LR}
  198 00000188 F04F 002A       MOV              R0, #0x2A
  199 0000018C B504            PUSH             {R2, LR}
  200 0000018E F7FF FFFE       BL               ST7735_OutChar
  201 00000192 E8BD 4004       POP              {R2, LR}
  202 00000196 4770            BX               LR
  203 00000198         
  204 00000198                 ALIGN
  205 00000198         ;* * * * * * * * End of LCD_OutFix * * * * * * * *
  206 00000198         
  207 00000198                 ALIGN                        ; make sure the end
                                                             of this section is
                                                             aligned
  208 00000198                 END                          ; end of file
Command Line: --debug --xref --diag_suppress=9931 --cpu=Cortex-M4 --apcs=interw
ork --depend=.\print.d -o.\print.o -I.\RTE\_Lab7 -ID:\Users\Masaad\AppData\Loca
l\Arm\Packs\ARM\CMSIS\5.6.0\CMSIS\Core\Include -ID:\Users\Masaad\AppData\Local\
Arm\Packs\Keil\TM4C_DFP\1.1.0\Device\Include\TM4C123 --predefine="__EVAL SETA 1
" --predefine="__MICROLIB SETA 1" --predefine="__UVISION_VERSION SETA 529" --pr
edefine="_RTE_ SETA 1" --predefine="TM4C123GH6PM SETA 1" --list=.\print.lst Pri
nt.s



ARM Macro Assembler    Page 1 Alphabetic symbol ordering
Relocatable symbols

.text 00000000

Symbol: .text
   Definitions
      At line 16 in file Print.s
   Uses
      None
Comment: .text unused
Invalid 000000CA

Symbol: Invalid
   Definitions
      At line 123 in file Print.s
   Uses
      At line 72 in file Print.s
Comment: Invalid used once
LCD_OutDec 00000000

Symbol: LCD_OutDec
   Definitions
      At line 27 in file Print.s
   Uses
      At line 14 in file Print.s
      At line 44 in file Print.s

LCD_OutFix 0000004A

Symbol: LCD_OutFix
   Definitions
      At line 69 in file Print.s
   Uses
      At line 15 in file Print.s
Comment: LCD_OutFix used once
invalid 0000015E

Symbol: invalid
   Definitions
      At line 185 in file Print.s
   Uses
      At line 124 in file Print.s
Comment: invalid used once
notEnd 00000014

Symbol: notEnd
   Definitions
      At line 35 in file Print.s
   Uses
      At line 29 in file Print.s
Comment: notEnd used once
singledigit 0000012E

Symbol: singledigit
   Definitions
      At line 168 in file Print.s
   Uses
      None
Comment: singledigit unused
smaller 000000CC




ARM Macro Assembler    Page 2 Alphabetic symbol ordering
Relocatable symbols

Symbol: smaller
   Definitions
      At line 125 in file Print.s
   Uses
      At line 74 in file Print.s
Comment: smaller used once
8 symbols



ARM Macro Assembler    Page 1 Alphabetic symbol ordering
External symbols

ST7735_OutChar 00000000

Symbol: ST7735_OutChar
   Definitions
      At line 12 in file Print.s
   Uses
      At line 32 in file Print.s
      At line 51 in file Print.s
      At line 84 in file Print.s
      At line 86 in file Print.s
      At line 103 in file Print.s
      At line 116 in file Print.s
      At line 131 in file Print.s
      At line 133 in file Print.s
      At line 148 in file Print.s
      At line 161 in file Print.s
      At line 173 in file Print.s
      At line 175 in file Print.s
      At line 177 in file Print.s
      At line 180 in file Print.s
      At line 188 in file Print.s
      At line 192 in file Print.s
      At line 196 in file Print.s
      At line 200 in file Print.s

ST7735_OutString 00000000

Symbol: ST7735_OutString
   Definitions
      At line 13 in file Print.s
   Uses
      None
Comment: ST7735_OutString unused
2 symbols
345 symbols in table
